[debug] [2022-09-12T22:30:28.258Z] ----------------------------------------------------------------------
[debug] [2022-09-12T22:30:28.259Z] Command:       D:\Program Files\nodejs\node.exe D:\Program Files\nodejs\node_modules\firebase-tools\lib\bin\firebase.js init hosting
[debug] [2022-09-12T22:30:28.259Z] CLI Version:   11.9.0
[debug] [2022-09-12T22:30:28.259Z] Platform:      win32
[debug] [2022-09-12T22:30:28.260Z] Node Version:  v18.9.0
[debug] [2022-09-12T22:30:28.260Z] Time:          Mon Sep 12 2022 18:30:28 GMT-0400 (Eastern Daylight Time)
[debug] [2022-09-12T22:30:28.260Z] ----------------------------------------------------------------------
[debug] 
[debug] [2022-09-12T22:30:28.267Z] > command requires scopes: ["email","openid","https://www.googleapis.com/auth/cloudplatformprojects.readonly","https://www.googleapis.com/auth/firebase","https://www.googleapis.com/auth/cloud-platform"]
[debug] [2022-09-12T22:30:28.267Z] > authorizing via signed-in user (luekbaja@gmail.com)
[info] 
     ######## #### ########  ######## ########     ###     ######  ########
     ##        ##  ##     ## ##       ##     ##  ##   ##  ##       ##
     ######    ##  ########  ######   ########  #########  ######  ######
     ##        ##  ##    ##  ##       ##     ## ##     ##       ## ##
     ##       #### ##     ## ######## ########  ##     ##  ######  ########

You're about to initialize a Firebase project in this directory:

  D:\luekb\Web Code\Learn2Code

[info] 
=== Project Setup
[info] 
[info] First, let's associate this project directory with a Firebase project.
[info] You can create multiple project aliases by running firebase use --add, 
[info] but for now we'll just set up a default project.
[info] 
